====== bouncingBalls log no. 1 ======

ball[0]:
  position = (7550.853781, -3741.193145)
  velocity = (1.414912, -0.876171)
  radius = 3
ball[1]:
  position = (136937.134693, -57368.021185)
  velocity = (29.813726, -12.643597)
  radius = 3
ball[2]:
  position = (4826.580987, -206061.133125)
  velocity = (0.900804, -45.177869)
  radius = 3
ball[3]:
  position = (357814.161806, 41015.299983)
  velocity = (80.123951, 9.127806)
  radius = 3
ball[4]:
  position = (-99433.669102, -2981.330316)
  velocity = (-22.334874, -0.655828)
  radius = 3
ball[5]:
  position = (-303133.965245, -34259.761332)
  velocity = (-66.503358, -7.583084)
  radius = 3
ball[6]:
  position = (8834.558340, -1378.516979)
  velocity = (1.671341, -1.155172)
  radius = 3
ball[7]:
  position = (4723.472588, -1476.858507)
  velocity = (1.691817, -0.429734)
  radius = 3
ball[8]:
  position = (62728.016788, 15060.304907)
  velocity = (13.729917, 3.262739)
  radius = 3
ball[9]:
  position = (7135.525056, 519.433688)
  velocity = (1.493536, 0.208110)
  radius = 3
ball[10]:
  position = (359886.901396, -147406.779909)
  velocity = (79.335149, -32.636393)
  radius = 3
ball[11]:
  position = (4778.977279, -1477.853348)
  velocity = (0.444116, 0.089847)
  radius = 3
ball[12]:
  position = (7854.217870, -1585.455107)
  velocity = (1.596423, -0.708835)
  radius = 3
ball[13]:
  position = (6151.362051, 730.306525)
  velocity = (1.674261, 0.641709)
  radius = 3
ball[14]:
  position = (5523.741743, -1864.528221)
  velocity = (1.169087, -0.733983)
  radius = 3
ball[15]:
  position = (4884.401829, -1489.656462)
  velocity = (1.752611, -1.612631)
  radius = 3
ball[16]:
  position = (-59037.321184, -209067.543141)
  velocity = (-12.652243, -44.172209)
  radius = 3
ball[17]:
  position = (6704.060850, -976.745506)
  velocity = (1.405259, -0.583583)
  radius = 3
ball[18]:
  position = (429544.905496, 434633.469112)
  velocity = (94.720685, 95.931665)
  radius = 3
ball[19]:
  position = (-195452.243671, -12975.129231)
  velocity = (-42.203361, -2.867803)
  radius = 3
ball[20]:
  position = (1379681.824518, -981599.883737)
  velocity = (309.998115, -220.758160)
  radius = 3
ball[21]:
  position = (5139.671292, -330.039265)
  velocity = (1.482487, -0.381332)
  radius = 3
ball[22]:
  position = (56068.847764, -47767.461232)
  velocity = (12.194673, -10.610632)
  radius = 3
ball[23]:
  position = (5487.048061, -1832.611935)
  velocity = (0.830032, -0.298579)
  radius = 3
ball[24]:
  position = (124948.796126, 1128946.564512)
  velocity = (27.366265, 248.647258)
  radius = 3
ball[25]:
  position = (4479.836392, -1593.168372)
  velocity = (1.216024, 0.001028)
  radius = 3
ball[26]:
  position = (-77756.548827, -105392.725248)
  velocity = (-17.645307, -23.739537)
  radius = 3
ball[27]:
  position = (1476.581730, -1457.933782)
  velocity = (-0.071771, -0.612496)
  radius = 3
ball[28]:
  position = (-58396.801128, -25138.551684)
  velocity = (-12.889275, -5.564107)
  radius = 3
ball[29]:
  position = (919909.878238, -506358.515142)
  velocity = (201.179184, -110.903687)
  radius = 3
ball[30]:
  position = (5395.224923, -609.825597)
  velocity = (2.046354, -0.145288)
  radius = 3
ball[31]:
  position = (57678.035023, 261769.878920)
  velocity = (12.026311, 54.841554)
  radius = 3
ball[32]:
  position = (-21225.110578, 68235.413716)
  velocity = (-4.787285, 14.858382)
  radius = 3
ball[33]:
  position = (-168340.358671, 361471.981285)
  velocity = (-35.743328, 76.253540)
  radius = 3
ball[34]:
  position = (227749.703744, 683198.909243)
  velocity = (49.705105, 149.484220)
  radius = 3
ball[35]:
  position = (8608.443713, -1142.930875)
  velocity = (1.361723, -0.550745)
  radius = 3
ball[36]:
  position = (3334.773358, -2126.375139)
  velocity = (-0.141156, -0.203360)
  radius = 3
ball[37]:
  position = (7850.236525, -1592.089957)
  velocity = (0.718684, -0.387840)
  radius = 3
ball[38]:
  position = (-17391.186447, -29617.749924)
  velocity = (-4.045475, -6.584585)
  radius = 3
ball[39]:
  position = (6895.738850, -1398.164712)
  velocity = (0.531394, 0.326045)
  radius = 3
ball[40]:
  position = (23243.519000, -15144.344796)
  velocity = (4.911146, -3.385981)
  radius = 3
ball[41]:
  position = (-9634.888176, -281196.197991)
  velocity = (-2.266620, -61.669156)
  radius = 3
ball[42]:
  position = (-11661.494308, 9661.134965)
  velocity = (-2.696467, 1.951853)
  radius = 3
ball[43]:
  position = (6907.648772, -1390.274936)
  velocity = (1.538249, -0.642798)
  radius = 3
ball[44]:
  position = (755.481632, -2387.714165)
  velocity = (0.044886, -0.025774)
  radius = 3
ball[45]:
  position = (4077.573446, -4953.199124)
  velocity = (0.731529, -0.913564)
  radius = 3
ball[46]:
  position = (1441321.203145, 345701.023374)
  velocity = (310.408679, 74.417023)
  radius = 3
ball[47]:
  position = (-59063.278493, -17167.371000)
  velocity = (-12.865943, -3.791610)
  radius = 3
ball[48]:
  position = (-77456.940602, -96978.776718)
  velocity = (-17.017833, -21.193025)
  radius = 3
ball[49]:
  position = (-58621.043068, 25736.263679)
  velocity = (-12.983311, 5.553757)
  radius = 3
ball[50]:
  position = (6060.580083, -4153.484151)
  velocity = (1.135379, -1.424110)
  radius = 3
ball[51]:
  position = (154974.232359, -36415.200657)
  velocity = (34.068084, -8.118614)
  radius = 3
ball[52]:
  position = (267668.841233, 206080.635397)
  velocity = (59.571363, 45.920595)
  radius = 3
ball[53]:
  position = (5365.086908, -430.429766)
  velocity = (0.862348, -0.067122)
  radius = 3
ball[54]:
  position = (-2208.924000, -34184.187355)
  velocity = (-0.636085, -7.536417)
  radius = 3
ball[55]:
  position = (109851.504569, -25945.881920)
  velocity = (24.172040, -5.823033)
  radius = 3
ball[56]:
  position = (589179.237568, -350264.715759)
  velocity = (126.838114, -75.577656)
  radius = 3
ball[57]:
  position = (-40278.865315, 126172.328620)
  velocity = (-9.038926, 27.717100)
  radius = 3
ball[58]:
  position = (-3926.575822, 11590.810555)
  velocity = (-0.987064, 2.469791)
  radius = 3
ball[59]:
  position = (137429.757824, 376517.141814)
  velocity = (29.966309, 82.471677)
  radius = 3
ball[60]:
  position = (6579.719601, -1661.861596)
  velocity = (0.741888, 0.082663)
  radius = 3
ball[61]:
  position = (1319.294792, -2311.547790)
  velocity = (0.300889, -0.535918)
  radius = 3
ball[62]:
  position = (-71125.675834, 129472.065879)
  velocity = (-15.853428, 28.490337)
  radius = 3
ball[63]:
  position = (5392.619147, -2149.749215)
  velocity = (0.662022, -0.040274)
  radius = 3
ball[64]:
  position = (32151.936416, 27538.298067)
  velocity = (6.910740, 5.978778)
  radius = 3
ball[65]:
  position = (19398.787648, -174908.940230)
  velocity = (4.015639, -37.709932)
  radius = 3
ball[66]:
  position = (-132690.034665, 590055.055625)
  velocity = (-29.488643, 130.352822)
  radius = 3
ball[67]:
  position = (37087.525058, 40944.838740)
  velocity = (7.829727, 8.755708)
  radius = 3
ball[68]:
  position = (4847.107469, -1487.274516)
  velocity = (2.263958, -0.824848)
  radius = 3
ball[69]:
  position = (4854.328648, -1496.847651)
  velocity = (0.047824, -1.779611)
  radius = 3
ball[70]:
  position = (4843.994795, -1492.405577)
  velocity = (0.921570, 0.038550)
  radius = 3
ball[71]:
  position = (-41246.656255, 46660.598649)
  velocity = (-9.216761, 10.171233)
  radius = 3
ball[72]:
  position = (128372.923616, -64435.479784)
  velocity = (28.128603, -14.277164)
  radius = 3
ball[73]:
  position = (3307.270506, -7048.967312)
  velocity = (0.555583, -1.452691)
  radius = 3
ball[74]:
  position = (29712.042470, 53755.974422)
  velocity = (6.340135, 11.678768)
  radius = 3
ball[75]:
  position = (4985.227416, -1526.881610)
  velocity = (1.548104, 0.081959)
  radius = 3
ball[76]:
  position = (71963.720792, 34234.119006)
  velocity = (15.590101, 7.409174)
  radius = 3
ball[77]:
  position = (1472.686416, -1453.267492)
  velocity = (0.854057, -0.020596)
  radius = 3
ball[78]:
  position = (-185786.076273, 193180.393194)
  velocity = (-41.418703, 42.820738)
  radius = 3
ball[79]:
  position = (5324.623850, -1955.745942)
  velocity = (1.278571, 0.239781)
  radius = 3
ball[80]:
  position = (754.686573, -2380.903581)
  velocity = (1.004984, 0.025560)
  radius = 3
ball[81]:
  position = (-92858.292466, 58002.223393)
  velocity = (-20.072618, 12.354018)
  radius = 3
ball[82]:
  position = (-96108.074346, 139078.745755)
  velocity = (-21.195397, 30.377294)
  radius = 3
ball[83]:
  position = (-28925.757558, -161905.351676)
  velocity = (-6.491772, -35.522381)
  radius = 3
ball[84]:
  position = (-19746.527803, -62777.689390)
  velocity = (-4.477774, -13.807069)
  radius = 3
ball[85]:
  position = (5281.566442, -480.275834)
  velocity = (0.885566, -0.475998)
  radius = 3
ball[86]:
  position = (648.200677, -5566.730995)
  velocity = (-0.463356, -0.451818)
  radius = 3
ball[87]:
  position = (4864.513431, -1558.189774)
  velocity = (0.180649, 1.035474)
  radius = 3
ball[88]:
  position = (57107.514686, 142467.538342)
  velocity = (12.394746, 31.241865)
  radius = 3
ball[89]:
  position = (6419.750757, -996.854089)
  velocity = (1.062467, -0.567654)
  radius = 3
ball[90]:
  position = (8026.630495, -309.004178)
  velocity = (1.890111, -0.330422)
  radius = 3
ball[91]:
  position = (-86147.960292, 488353.279898)
  velocity = (-18.942046, 106.456955)
  radius = 3
ball[92]:
  position = (-11667.073255, 6474.055881)
  velocity = (-2.632153, 1.289736)
  radius = 3
ball[93]:
  position = (54116.426359, 268315.686134)
  velocity = (11.489307, 57.699030)
  radius = 3
ball[94]:
  position = (4861.818244, -1344.019662)
  velocity = (2.383346, -0.342336)
  radius = 3
ball[95]:
  position = (6934.050824, -1407.583900)
  velocity = (0.797007, -1.461589)
  radius = 3
ball[96]:
  position = (39846.077326, -12790.356139)
  velocity = (8.426519, -2.823304)
  radius = 3
ball[97]:
  position = (3079.399202, -1730.394996)
  velocity = (0.289718, -0.439239)
  radius = 3
ball[98]:
  position = (76986.690677, -2348.526397)
  velocity = (17.063988, -0.600664)
  radius = 3
ball[99]:
  position = (-62454.131236, 192269.366733)
  velocity = (-13.759949, 41.800711)
  radius = 3
ball[100]:
  position = (6858.949987, -2880.421435)
  velocity = (1.031789, -0.608121)
  radius = 3
ball[101]:
  position = (4873.116945, -1392.043353)
  velocity = (1.450232, -0.125514)
  radius = 3
ball[102]:
  position = (217676.438527, 24315.010699)
  velocity = (47.203295, 5.211712)
  radius = 3
ball[103]:
  position = (6032.837627, -3823.506108)
  velocity = (1.098072, -0.878563)
  radius = 3
ball[104]:
  position = (48270.679350, -38778.982350)
  velocity = (10.418264, -8.588554)
  radius = 3
ball[105]:
  position = (4824.005589, -1532.692662)
  velocity = (-0.115689, -0.948001)
  radius = 3
ball[106]:
  position = (82058.069083, -6400.636622)
  velocity = (18.187851, -1.510100)
  radius = 3
ball[107]:
  position = (820.440285, -5656.461279)
  velocity = (-0.756147, -1.521677)
  radius = 3
ball[108]:
  position = (20019.854684, -50597.587778)
  velocity = (4.215566, -11.142981)
  radius = 3
ball[109]:
  position = (2996.118070, -2808.548229)
  velocity = (0.597450, -0.767197)
  radius = 3
ball[110]:
  position = (4861.812068, -1350.882629)
  velocity = (1.422569, -0.288786)
  radius = 3
ball[111]:
  position = (50066.358916, 4600.524040)
  velocity = (10.848719, 0.935559)
  radius = 3
ball[112]:
  position = (4960.681106, -1573.288247)
  velocity = (-0.316067, -0.738527)
  radius = 3
ball[113]:
  position = (5551.214024, -2465.945011)
  velocity = (0.780769, -0.617640)
  radius = 3
ball[114]:
  position = (8812.919081, 7385.658532)
  velocity = (1.709888, 1.456344)
  radius = 3
ball[115]:
  position = (218595.044774, 370387.990626)
  velocity = (48.204976, 81.885810)
  radius = 3
ball[116]:
  position = (4081.341083, 42800.523765)
  velocity = (0.733192, 9.265577)
  radius = 3
ball[117]:
  position = (67971.894675, -37053.118796)
  velocity = (14.634641, -8.143504)
  radius = 3
ball[118]:
  position = (11153.008281, -288072.944880)
  velocity = (2.301114, -63.810831)
  radius = 3
ball[119]:
  position = (386674.969624, -487592.596759)
  velocity = (84.366617, -106.656663)
  radius = 3
ball[120]:
  position = (-19088.730788, -153122.067987)
  velocity = (-4.268471, -33.031929)
  radius = 3
ball[121]:
  position = (6312.349272, -1205.240391)
  velocity = (0.818941, -0.398679)
  radius = 3
ball[122]:
  position = (728.026420, -2706.825052)
  velocity = (0.089195, -0.395692)
  radius = 3
ball[123]:
  position = (5412.581630, 943.234464)
  velocity = (0.893813, 0.373377)
  radius = 3
ball[124]:
  position = (-36288.587386, -12217.283759)
  velocity = (-8.080666, -2.755952)
  radius = 3
ball[125]:
  position = (1522.099214, -1514.090809)
  velocity = (0.067365, -0.568405)
  radius = 3
ball[126]:
  position = (-24053.856035, -89683.976288)
  velocity = (-5.501411, -19.963295)
  radius = 3
ball[127]:
  position = (3122.196633, -2719.368893)
  velocity = (0.512089, -0.112545)
  radius = 3
ball[128]:
  position = (-218351.516083, -454989.638762)
  velocity = (-47.895429, -99.553679)
  radius = 3
ball[129]:
  position = (-722.343350, -83648.242865)
  velocity = (-0.315257, -18.247086)
  radius = 3
ball[130]:
  position = (-53323.095521, 138505.092499)
  velocity = (-11.811076, 30.203984)
  radius = 3
ball[131]:
  position = (7301.702610, 466.856903)
  velocity = (1.623406, -0.390520)
  radius = 3
ball[132]:
  position = (201846.764336, -255442.959883)
  velocity = (44.008931, -55.971915)
  radius = 3
ball[133]:
  position = (-28628.550916, -16952.824149)
  velocity = (-6.414442, -3.776032)
  radius = 3
ball[134]:
  position = (7531.040415, -3470.836737)
  velocity = (1.581404, -0.908118)
  radius = 3
ball[135]:
  position = (672.139220, -5577.343595)
  velocity = (-0.148260, -1.879792)
  radius = 3
ball[136]:
  position = (6068.110833, -3680.470037)
  velocity = (0.852677, -1.547930)
  radius = 3
ball[137]:
  position = (79429.981524, -94273.526574)
  velocity = (17.630961, -21.208312)
  radius = 3
ball[138]:
  position = (652073.568626, -1529212.048631)
  velocity = (142.433196, -334.481539)
  radius = 3
ball[139]:
  position = (3742.533348, -51015.515273)
  velocity = (0.651636, -11.141839)
  radius = 3
ball[140]:
  position = (-173089.559300, 255587.844017)
  velocity = (-37.959824, 55.743478)
  radius = 3
ball[141]:
  position = (5116.056079, -1582.001225)
  velocity = (1.353366, -0.282760)
  radius = 3
ball[142]:
  position = (-50014.038093, 19151.731253)
  velocity = (-11.269160, 4.175669)
  radius = 3
ball[143]:
  position = (7129.535948, -2631.938292)
  velocity = (1.240720, -0.708511)
  radius = 3
ball[144]:
  position = (6735.988085, -1274.086314)
  velocity = (1.693488, 0.068841)
  radius = 3
ball[145]:
  position = (-139893.995229, -6355.885382)
  velocity = (-31.240478, -1.482248)
  radius = 3
ball[146]:
  position = (3119.714525, -1731.588014)
  velocity = (0.183320, -0.079157)
  radius = 3
ball[147]:
  position = (1834.351115, -5425.255765)
  velocity = (0.066833, -1.185621)
  radius = 3
ball[148]:
  position = (4834.748228, -1491.676195)
  velocity = (0.161364, 0.189210)
  radius = 3
ball[149]:
  position = (4277.174125, -1244.549629)
  velocity = (1.124064, -0.470777)
  radius = 3
ball[150]:
  position = (7295.398820, -628.485847)
  velocity = (1.235440, 0.204893)
  radius = 3
ball[151]:
  position = (-82188.505435, -250567.249558)
  velocity = (-18.449756, -55.808019)
  radius = 3
ball[152]:
  position = (653.902632, -5564.863454)
  velocity = (-0.248423, -1.541770)
  radius = 3
ball[153]:
  position = (7291.643228, -813.289614)
  velocity = (1.343683, -0.089592)
  radius = 3
ball[154]:
  position = (8421.328234, -75387.781318)
  velocity = (1.685463, -16.670078)
  radius = 3
ball[155]:
  position = (162756.957047, -108538.706593)
  velocity = (36.263575, -24.373076)
  radius = 3
ball[156]:
  position = (45587.652240, 94490.459020)
  velocity = (9.869214, 20.720696)
  radius = 3
ball[157]:
  position = (29910.768748, 92145.034823)
  velocity = (6.384189, 20.083900)
  radius = 3
ball[158]:
  position = (3284.104779, -2444.087760)
  velocity = (0.194118, -0.374818)
  radius = 3
ball[159]:
  position = (5375.759622, -2062.515590)
  velocity = (1.378049, -0.352356)
  radius = 3
ball[160]:
  position = (4828.916974, -1493.089164)
  velocity = (0.295286, 0.077025)
  radius = 3
ball[161]:
  position = (6055.088535, -3820.206022)
  velocity = (1.544593, -1.481810)
  radius = 3
ball[162]:
  position = (48535.785756, 243806.072062)
  velocity = (10.425911, 53.090628)
  radius = 3
ball[163]:
  position = (6554.632960, -444.705149)
  velocity = (1.776005, -0.216552)
  radius = 3
ball[164]:
  position = (4808.815459, -1505.024129)
  velocity = (0.055737, -0.358818)
  radius = 3
ball[165]:
  position = (6361.984202, -1660.000765)
  velocity = (1.312163, -0.777789)
  radius = 3
ball[166]:
  position = (6927.316895, -1407.472427)
  velocity = (0.860188, -0.464951)
  radius = 3
ball[167]:
  position = (6582.778821, -1654.552488)
  velocity = (1.461899, -0.499249)
  radius = 3
ball[168]:
  position = (-631378.683959, 439967.037755)
  velocity = (-138.103191, 96.040278)
  radius = 3
ball[169]:
  position = (-28157.988538, 284179.347119)
  velocity = (-6.315032, 62.064827)
  radius = 3
ball[170]:
  position = (345168.134726, 290467.819957)
  velocity = (77.786162, 65.539786)
  radius = 3
ball[171]:
  position = (7295.659361, -807.419738)
  velocity = (2.112299, -0.622825)
  radius = 3
ball[172]:
  position = (-312160.078600, 407487.027930)
  velocity = (-68.079538, 88.580854)
  radius = 3
ball[173]:
  position = (550.585757, -2211.017374)
  velocity = (0.124926, -0.017700)
  radius = 3
ball[174]:
  position = (73820.878612, -134460.487484)
  velocity = (15.997820, -29.497112)
  radius = 3
ball[175]:
  position = (-19692.766863, -262970.471614)
  velocity = (-4.460735, -57.607752)
  radius = 3
ball[176]:
  position = (-7326.447628, 2864.665609)
  velocity = (-1.943849, 0.650482)
  radius = 3
ball[177]:
  position = (-11156.892550, 15476.451134)
  velocity = (-2.575688, 3.350149)
  radius = 3
ball[178]:
  position = (7142.822620, 516.994035)
  velocity = (1.250935, -0.643629)
  radius = 3
ball[179]:
  position = (17777.294766, -5610.806033)
  velocity = (3.964381, -1.431630)
  radius = 3
ball[180]:
  position = (4726.301271, -1471.037365)
  velocity = (0.722904, -0.094844)
  radius = 3
ball[181]:
  position = (7137.615956, -918.020399)
  velocity = (1.679293, 0.362328)
  radius = 3
ball[182]:
  position = (-62398.592044, -110095.026151)
  velocity = (-14.002364, -24.476735)
  radius = 3
ball[183]:
  position = (4938.523263, -1372.721951)
  velocity = (0.825625, 0.318408)
  radius = 3
ball[184]:
  position = (-99889.550412, -6173.058553)
  velocity = (-21.988195, -1.421956)
  radius = 3
ball[185]:
  position = (5848.374383, -2082.351606)
  velocity = (1.590342, -0.237644)
  radius = 3
ball[186]:
  position = (197345.678513, 73497.702395)
  velocity = (43.583302, 16.211170)
  radius = 3
ball[187]:
  position = (40977.188433, 10682.791073)
  velocity = (8.747693, 2.245321)
  radius = 3
ball[188]:
  position = (5380.738431, -11070.211901)
  velocity = (0.961377, -2.711218)
  radius = 3
ball[189]:
  position = (214022.987000, 213980.466861)
  velocity = (47.136054, 47.208493)
  radius = 3
ball[190]:
  position = (42940.645062, -48377.605521)
  velocity = (9.285448, -10.715295)
  radius = 3
ball[191]:
  position = (214812.442353, -59268.826458)
  velocity = (47.274201, -13.163064)
  radius = 3
ball[192]:
  position = (2016.157418, 10620.419789)
  velocity = (0.293590, 2.171233)
  radius = 3
ball[193]:
  position = (4778.502813, -1471.775895)
  velocity = (0.761014, -0.095839)
  radius = 3
ball[194]:
  position = (7131.449561, -915.642253)
  velocity = (1.211020, -0.585982)
  radius = 3
ball[195]:
  position = (1692.805409, -77525.502521)
  velocity = (0.210128, -17.031119)
  radius = 3
ball[196]:
  position = (5362.743006, -573.256627)
  velocity = (0.556300, 0.010521)
  radius = 3
ball[197]:
  position = (34905.277520, 61411.093871)
  velocity = (7.357991, 13.151074)
  radius = 3
ball[198]:
  position = (6891.024378, -1319.893465)
  velocity = (1.348994, -0.205107)
  radius = 3
ball[199]:
  position = (3118.555471, -2711.634422)
  velocity = (-0.135587, -0.682419)
  radius = 3
ball[200]:
  position = (7280.644714, -329.422714)
  velocity = (1.401063, -0.073849)
  radius = 3
ball[201]:
  position = (-176902.230114, 188931.646792)
  velocity = (-39.283341, 41.699571)
  radius = 3
ball[202]:
  position = (-105.980866, -2467.428193)
  velocity = (-0.733834, -0.353200)
  radius = 3
ball[203]:
  position = (-22858.844760, -65072.423869)
  velocity = (-5.239929, -14.531378)
  radius = 3
ball[204]:
  position = (-324067.754996, -1109835.955587)
  velocity = (-73.343594, -250.604025)
  radius = 3
ball[205]:
  position = (6146.141320, 734.928156)
  velocity = (1.206864, -0.276463)
  radius = 3
ball[206]:
  position = (5428.088090, -1808.449936)
  velocity = (1.303523, -1.100852)
  radius = 3
ball[207]:
  position = (6331.028215, 459.381870)
  velocity = (1.153172, 0.316939)
  radius = 3
ball[208]:
  position = (6305.363711, -1205.531107)
  velocity = (0.902684, -1.341786)
  radius = 3
ball[209]:
  position = (4772.883079, -1469.302098)
  velocity = (1.278304, 0.143768)
  radius = 3
ball[210]:
  position = (721.078329, -2490.291762)
  velocity = (0.194687, -0.910181)
  radius = 3
ball[211]:
  position = (733.706182, -2704.881466)
  velocity = (0.346880, -1.475780)
  radius = 3
ball[212]:
  position = (1030960.645640, 195004.196784)
  velocity = (230.566012, 43.569112)
  radius = 3
ball[213]:
  position = (8584.148855, -1733.648101)
  velocity = (1.948802, -0.399918)
  radius = 3
ball[214]:
  position = (4929.199495, -1454.224218)
  velocity = (1.687772, -0.870074)
  radius = 3
ball[215]:
  position = (147603.703382, -85595.044829)
  velocity = (31.669935, -18.530941)
  radius = 3
ball[216]:
  position = (5572.165902, -1900.481309)
  velocity = (1.224062, 0.099232)
  radius = 3
ball[217]:
  position = (6683.158200, -1294.209055)
  velocity = (1.794754, 0.086403)
  radius = 3
ball[218]:
  position = (7287.687458, -328.063512)
  velocity = (1.393169, -1.038631)
  radius = 3
ball[219]:
  position = (5330.588317, -1957.499120)
  velocity = (0.852441, -0.789040)
  radius = 3
ball[220]:
  position = (7269.217074, -754.462665)
  velocity = (1.613698, -0.792975)
  radius = 3
ball[221]:
  position = (4813.977766, -1531.743445)
  velocity = (-0.098492, -0.176999)
  radius = 3
ball[222]:
  position = (6033.046137, -3817.509732)
  velocity = (0.931747, -1.006445)
  radius = 3
ball[223]:
  position = (8582.336146, -1141.528707)
  velocity = (1.867570, -0.246195)
  radius = 3
ball[224]:
  position = (2399.730262, -2156.633883)
  velocity = (0.019318, -0.266730)
  radius = 3
ball[225]:
  position = (86881.871095, -84513.026029)
  velocity = (18.556057, -18.272097)
  radius = 3
ball[226]:
  position = (4875.397391, -1511.750966)
  velocity = (0.739500, -1.707375)
  radius = 3
ball[227]:
  position = (5086.030739, -1822.462787)
  velocity = (1.330586, -1.068237)
  radius = 3
ball[228]:
  position = (4773.556202, -1475.261438)
  velocity = (0.794463, 0.337563)
  radius = 3
ball[229]:
  position = (8459.849419, -1120.517985)
  velocity = (1.659109, -0.253437)
  radius = 3
ball[230]:
  position = (299400.946094, 55906.463492)
  velocity = (67.384410, 12.541842)
  radius = 3
ball[231]:
  position = (6704.113984, -985.156604)
  velocity = (0.565144, -0.634908)
  radius = 3
ball[232]:
  position = (5524.137610, -1871.323296)
  velocity = (0.176135, -0.630702)
  radius = 3
ball[233]:
  position = (-108818.074648, 87849.430266)
  velocity = (-24.164376, 19.303495)
  radius = 3
ball[234]:
  position = (7313.421259, -663.780071)
  velocity = (1.752797, -0.223563)
  radius = 3
ball[235]:
  position = (48901.331492, -49314.494193)
  velocity = (10.595069, -10.927469)
  radius = 3
ball[236]:
  position = (-195866.708788, -649289.062554)
  velocity = (-43.121586, -142.495894)
  radius = 3
ball[237]:
  position = (3257.470435, -2150.026700)
  velocity = (0.222646, -0.154873)
  radius = 3
ball[238]:
  position = (8621.019465, -1129.316062)
  velocity = (1.904916, -0.646737)
  radius = 3
ball[239]:
  position = (4886.337939, 1385.505359)
  velocity = (0.928722, 0.567952)
  radius = 3
ball[240]:
  position = (7289.097185, -629.169891)
  velocity = (1.453534, -0.863233)
  radius = 3
ball[241]:
  position = (-16386.573774, -379676.298710)
  velocity = (-3.868940, -85.452606)
  radius = 3
ball[242]:
  position = (6901.651294, -1390.448891)
  velocity = (1.725855, 0.200329)
  radius = 3
ball[243]:
  position = (6297.518019, -1519.552566)
  velocity = (1.398935, -0.529853)
  radius = 3
ball[244]:
  position = (4776.971115, -1464.910292)
  velocity = (1.124001, -0.777712)
  radius = 3
ball[245]:
  position = (6071.506504, 9335.173797)
  velocity = (1.250877, 1.848277)
  radius = 3
ball[246]:
  position = (6987.141513, -1055.096564)
  velocity = (1.088848, -0.621324)
  radius = 3
ball[247]:
  position = (-54794.797342, 164913.023105)
  velocity = (-12.212788, 36.189231)
  radius = 3
ball[248]:
  position = (3336.417142, -2120.547153)
  velocity = (0.877576, -0.611150)
  radius = 3
ball[249]:
  position = (4848.335610, -1497.533474)
  velocity = (0.096886, -0.614105)
  radius = 3
ball[250]:
  position = (4963.374868, -1565.259562)
  velocity = (0.582713, -0.777787)
  radius = 3
ball[251]:
  position = (6355.315973, -1659.854991)
  velocity = (1.489296, 0.211648)
  radius = 3
ball[252]:
  position = (4829.173265, -1535.741453)
  velocity = (-0.355405, -1.066958)
  radius = 3
ball[253]:
  position = (5381.351942, -2058.081705)
  velocity = (0.760419, 0.346610)
  radius = 3
ball[254]:
  position = (-240812.604296, -70593.228432)
  velocity = (-52.923274, -15.548409)
  radius = 3
ball[255]:
  position = (5642.717720, -377.674436)
  velocity = (0.762562, -0.226921)
  radius = 3
ball[256]:
  position = (12648.234783, 405.173157)
  velocity = (2.522424, -0.085019)
  radius = 3
ball[257]:
  position = (6062.449420, -3676.213401)
  velocity = (1.616864, -0.911606)
  radius = 3
ball[258]:
  position = (4676.878696, -1511.203766)
  velocity = (0.883203, -0.119245)
  radius = 3
ball[259]:
  position = (5365.192718, -1985.980945)
  velocity = (0.536492, -0.944799)
  radius = 3
ball[260]:
  position = (4670.917692, -1511.886729)
  velocity = (0.896002, 1.099614)
  radius = 3
ball[261]:
  position = (38412.320804, 23921.394327)
  velocity = (8.106941, 5.074131)
  radius = 3
ball[262]:
  position = (1649.910132, -2513.703349)
  velocity = (0.320415, -0.619698)
  radius = 3
ball[263]:
  position = (4793.120785, -1479.658530)
  velocity = (1.988718, 0.829512)
  radius = 3
ball[264]:
  position = (4478.150690, -1716.482427)
  velocity = (0.831463, -0.580776)
  radius = 3
ball[265]:
  position = (4723.913417, -1791.365878)
  velocity = (0.420987, 0.028616)
  radius = 3
ball[266]:
  position = (9102.828296, -841.251969)
  velocity = (2.112411, -0.196723)
  radius = 3
ball[267]:
  position = (820.542639, -5650.362326)
  velocity = (0.336168, -1.605107)
  radius = 3
ball[268]:
  position = (7019.267915, 3036.295622)
  velocity = (1.449508, 0.735799)
  radius = 3
ball[269]:
  position = (2140.120621, -2365.658293)
  velocity = (-0.110781, -0.323223)
  radius = 3
ball[270]:
  position = (4856.720489, -1491.358657)
  velocity = (1.060863, -2.536981)
  radius = 3
ball[271]:
  position = (6755.901962, 2446.620181)
  velocity = (1.357775, 0.147823)
  radius = 3
ball[272]:
  position = (4810.203690, -1499.186936)
  velocity = (0.039340, -0.463826)
  radius = 3
ball[273]:
  position = (5355.136675, -572.356190)
  velocity = (0.677543, -0.990562)
  radius = 3
ball[274]:
  position = (6716.707316, -1318.261071)
  velocity = (1.045016, 0.085896)
  radius = 3
ball[275]:
  position = (-32830.825667, -15305.095115)
  velocity = (-7.394210, -3.458626)
  radius = 3
ball[276]:
  position = (-23619.917854, -80391.639579)
  velocity = (-5.321724, -17.661018)
  radius = 3
ball[277]:
  position = (7999.492040, -376.486645)
  velocity = (2.228219, 0.053039)
  radius = 3
ball[278]:
  position = (5601.384380, -2271.238656)
  velocity = (1.467571, -0.356837)
  radius = 3
ball[279]:
  position = (8820.373942, -1343.199876)
  velocity = (1.799768, -0.279312)
  radius = 3
ball[280]:
  position = (12200.074820, 11508.605359)
  velocity = (2.401309, 2.120454)
  radius = 3
ball[281]:
  position = (714.404269, -2490.529509)
  velocity = (0.158262, 0.082366)
  radius = 3
ball[282]:
  position = (2868.038541, -651.579606)
  velocity = (0.896898, -0.690501)
  radius = 3
ball[283]:
  position = (6436.830719, -862.677463)
  velocity = (1.182167, -0.176724)
  radius = 3
ball[284]:
  position = (4645.337036, -1236.962434)
  velocity = (1.173992, 0.038059)
  radius = 3
ball[285]:
  position = (6695.626800, -1278.173304)
  velocity = (0.799593, -0.576263)
  radius = 3
ball[286]:
  position = (3859.016089, -3081.357397)
  velocity = (-0.119610, -0.999504)
  radius = 3
ball[287]:
  position = (6675.998461, -1293.539715)
  velocity = (1.637768, -0.857411)
  radius = 3
ball[288]:
  position = (5929.698489, 4095.326982)
  velocity = (1.202949, 1.369413)
  radius = 3
ball[289]:
  position = (4853.100806, -1486.533659)
  velocity = (2.180954, -1.962245)
  radius = 3
ball[290]:
  position = (6934.565886, -550.733015)
  velocity = (1.449037, -0.337674)
  radius = 3
ball[291]:
  position = (4848.209551, -1576.824558)
  velocity = (1.170282, 0.030765)
  radius = 3
ball[292]:
  position = (14071.065819, -842.847519)
  velocity = (3.411493, -0.249900)
  radius = 3
ball[293]:
  position = (8828.127853, -1381.945480)
  velocity = (1.085492, -0.238866)
  radius = 3
ball[294]:
  position = (2874.664695, -648.980179)
  velocity = (0.499304, 0.153619)
  radius = 3
ball[295]:
  position = (4850.723162, -1492.042453)
  velocity = (1.152372, -1.257756)
  radius = 3
ball[296]:
  position = (5391.790703, -604.905625)
  velocity = (1.370224, -0.874438)
  radius = 3
ball[297]:
  position = (5359.483372, -579.163934)
  velocity = (1.660055, -0.343561)
  radius = 3
ball[298]:
  position = (4653.364960, -1212.715117)
  velocity = (0.156228, -0.572204)
  radius = 3
ball[299]:
  position = (8606.972822, -1752.767938)
  velocity = (1.825287, -0.656795)
  radius = 3

